{"level":"info","message":"Incoming request: POST /api/url/","timestamp":"2024-12-23T11:34:50.117Z"}
{"level":"info","message":"Incoming request: POST /api/url/","timestamp":"2024-12-23T11:50:06.007Z"}
{"level":"info","message":"Incoming request: GET /api/url/:alias","timestamp":"2024-12-23T11:52:00.808Z"}
{"level":"info","message":"Incoming request: GET /api/url/:3kjljd","timestamp":"2024-12-23T11:52:35.262Z"}
{"level":"info","message":"Incoming request: GET /api/url/3kjljd","timestamp":"2024-12-23T11:52:48.759Z"}
{"level":"info","message":"Incoming request: GET /api/url/analytics/3kjljd","timestamp":"2024-12-23T11:54:31.973Z"}
{"level":"info","message":"Incoming request: POST /api/url/","timestamp":"2024-12-23T12:10:35.917Z"}
{"level":"info","message":"Incoming request: GET /api/shorten/ed7bid","timestamp":"2024-12-23T12:10:44.999Z"}
{"level":"info","message":"Incoming request: POST /api/shorten/ed7bid","timestamp":"2024-12-23T12:11:19.690Z"}
{"level":"info","message":"Incoming request: GET /api/shorten/ed7bid","timestamp":"2024-12-23T12:11:25.808Z"}
{"level":"info","message":"Incoming request: GET /api/shorten/ed7bid","timestamp":"2024-12-23T12:11:29.433Z"}
{"level":"info","message":"Incoming request: POST /api/url/","timestamp":"2024-12-23T12:20:15.515Z"}
{"level":"info","message":"Incoming request: POST /api/url/","timestamp":"2024-12-23T14:27:32.197Z"}
{"level":"info","message":"Incoming request: GET /api/shorten/vhrdgp","timestamp":"2024-12-23T14:27:44.419Z"}
{"level":"info","message":"Incoming request: GET /api/shorten/vhrdgp","timestamp":"2024-12-23T14:29:07.145Z"}
{"level":"info","message":"Incoming request: GET /api/url/vhrdgp","timestamp":"2024-12-23T14:29:26.031Z"}
{"level":"info","message":"Incoming request: GET /api/url/vhrdgp","timestamp":"2024-12-23T14:29:58.305Z"}
{"level":"info","message":"Incoming request: GET /api/url/vhrdgp","timestamp":"2024-12-23T14:30:09.446Z"}
{"level":"info","message":"Incoming request: GET /api/url/vhrdgp","timestamp":"2024-12-23T14:30:17.849Z"}
{"level":"info","message":"Incoming request: GET /api/url/vhrdgp","timestamp":"2024-12-23T15:50:42.801Z"}
{"level":"info","message":"Incoming request: GET /","timestamp":"2024-12-23T15:51:04.284Z"}
{"level":"info","message":"Incoming request: POST /api/url/","timestamp":"2024-12-23T16:23:56.002Z"}
{"level":"info","message":"Incoming request: POST /api/url/","timestamp":"2024-12-23T16:27:19.772Z"}
{"level":"info","message":"Incoming request: POST /api/url/","timestamp":"2024-12-23T16:38:32.342Z"}
{"level":"info","message":"Incoming request: GET /api/url/vhrdgp","timestamp":"2024-12-23T16:38:32.458Z"}
{"level":"info","message":"Incoming request: POST /api/url/","timestamp":"2024-12-23T16:48:49.821Z"}
{"level":"info","message":"Incoming request: POST /api/url/","timestamp":"2024-12-23T16:52:23.618Z"}
{"level":"info","message":"Incoming request: POST /api/url/","timestamp":"2024-12-23T16:54:18.539Z"}
{"level":"info","message":"Incoming request: POST /api/url/","timestamp":"2024-12-23T17:03:17.474Z"}
{"level":"info","message":"Incoming request: POST /api/url/","timestamp":"2024-12-23T17:04:18.507Z"}
{"level":"info","message":"Incoming request: GET /api/shorten/3pgx9y","timestamp":"2024-12-23T17:07:49.944Z"}
{"level":"info","message":"Incoming request: POST /api/url/","timestamp":"2024-12-23T17:26:13.302Z"}
{"level":"info","message":"Incoming request: POST /api/url/","timestamp":"2024-12-23T17:36:55.385Z"}
{"level":"info","message":"Incoming request: POST /api/url/","timestamp":"2024-12-23T17:41:10.030Z"}
{"level":"info","message":"Incoming request: POST /api/url/","timestamp":"2024-12-23T17:44:18.381Z"}
{"level":"info","message":"Incoming request: POST /api/url/","timestamp":"2024-12-23T17:45:50.225Z"}
{"level":"info","message":"Incoming request: POST /api/url/","timestamp":"2024-12-24T11:14:31.330Z"}
{"level":"info","message":"Incoming request: GET /api/shorten/5lv6rm","timestamp":"2024-12-24T11:15:34.850Z"}
{"level":"info","message":"Incoming request: POST /api/url/","timestamp":"2024-12-24T11:30:32.925Z"}
{"level":"info","message":"Incoming request: POST /api/url/","timestamp":"2024-12-24T11:30:35.432Z"}
{"level":"info","message":"Incoming request: POST /api/url/","timestamp":"2024-12-24T11:31:20.347Z"}
{"level":"info","message":"Incoming request: POST /api/url/","timestamp":"2024-12-24T11:31:31.407Z"}
{"level":"info","message":"Incoming request: GET /api/shorten/ml8x6l","timestamp":"2024-12-24T11:31:34.475Z"}
{"level":"info","message":"Incoming request: POST /api/url/","timestamp":"2024-12-24T11:33:13.128Z"}
{"level":"info","message":"Incoming request: POST /api/url/","timestamp":"2024-12-24T11:35:28.535Z"}
{"level":"info","message":"Incoming request: GET /api//jix99o","timestamp":"2024-12-24T11:35:31.973Z"}
{"level":"info","message":"Incoming request: POST /api/url/","timestamp":"2024-12-24T11:36:55.234Z"}
{"level":"info","message":"Incoming request: GET /api/xcl1ff","timestamp":"2024-12-24T11:36:58.551Z"}
{"level":"info","message":"Incoming request: GET /api/url/vhrdgp","timestamp":"2024-12-24T11:37:58.174Z"}
{"level":"info","message":"Incoming request: POST /api/url/","timestamp":"2024-12-24T11:38:39.512Z"}
{"level":"info","message":"Incoming request: GET /api/bai9wl","timestamp":"2024-12-24T11:39:09.051Z"}
{"level":"info","message":"Incoming request: GET /api/shorten/vhrdgp","timestamp":"2024-12-24T11:39:42.845Z"}
{"level":"info","message":"Incoming request: GET /api/bai9wl","timestamp":"2024-12-24T11:41:10.024Z"}
{"level":"info","message":"Incoming request: GET /api/:bai9wl","timestamp":"2024-12-24T11:41:21.156Z"}
{"level":"info","message":"Incoming request: GET /api/bai9wl","timestamp":"2024-12-24T11:41:28.316Z"}
{"level":"info","message":"Incoming request: GET /api/xcl1ff","timestamp":"2024-12-24T14:37:10.516Z"}
{"level":"info","message":"Incoming request: GET /api/shorten/3pgx9y","timestamp":"2024-12-24T14:37:12.595Z"}
{"level":"info","message":"Incoming request: POST /api/url/","timestamp":"2024-12-24T14:37:32.095Z"}
{"level":"info","message":"Incoming request: POST /api/url/","timestamp":"2024-12-24T14:37:36.776Z"}
{"level":"info","message":"Incoming request: POST /api/url/","timestamp":"2024-12-24T14:38:03.859Z"}
{"level":"info","message":"Incoming request: POST /api/url/","timestamp":"2024-12-24T14:41:01.255Z"}
{"level":"info","message":"Incoming request: POST /api/url/","timestamp":"2024-12-24T14:41:03.900Z"}
{"level":"info","message":"Incoming request: POST /api/url/","timestamp":"2024-12-25T15:42:34.958Z"}
{"level":"info","message":"Incoming request: POST /api/url/","timestamp":"2024-12-25T15:48:38.888Z"}
{"level":"info","message":"Incoming request: POST /api/url/","timestamp":"2024-12-25T15:53:20.507Z"}
{"level":"info","message":"Incoming request: POST /api/url/","timestamp":"2024-12-26T07:48:06.644Z"}
{"level":"info","message":"Incoming request: GET /api/ry65o4","timestamp":"2024-12-26T07:48:14.980Z"}
{"level":"info","message":"Incoming request: GET /api/ry65o4","timestamp":"2024-12-26T07:50:22.908Z"}
{"level":"info","message":"Incoming request: GET /api/ry65o4","timestamp":"2024-12-26T07:52:41.654Z"}
{"level":"info","message":"Incoming request: GET /api/url/ry65o4","timestamp":"2024-12-26T07:54:41.044Z"}
{"level":"info","message":"Incoming request: POST /api/url/","timestamp":"2024-12-26T07:57:15.923Z"}
{"level":"info","message":"Incoming request: GET /api/url/4zcgqs","timestamp":"2024-12-26T07:57:20.952Z"}
{"level":"info","message":"Incoming request: GET /","timestamp":"2024-12-26T09:13:36.408Z"}
{"level":"info","message":"Incoming request: GET /api/auth/google","timestamp":"2024-12-26T09:14:14.313Z"}
{"level":"info","message":"Incoming request: GET /api/auth","timestamp":"2024-12-26T09:15:34.510Z"}
{"level":"info","message":"Incoming request: GET /api","timestamp":"2024-12-26T09:15:41.473Z"}
{"level":"info","message":"Incoming request: GET /","timestamp":"2024-12-26T09:15:50.277Z"}
{"level":"info","message":"Incoming request: GET /favicon.ico","timestamp":"2024-12-26T09:15:51.134Z"}
{"level":"info","message":"Incoming request: GET /api/auth/google","timestamp":"2024-12-26T09:15:56.298Z"}
{"level":"info","message":"Incoming request: GET /","timestamp":"2024-12-26T09:23:56.825Z"}
{"level":"info","message":"Incoming request: GET /api/auth/google","timestamp":"2024-12-26T09:23:59.798Z"}
{"level":"info","message":"Incoming request: GET /api/auth/google","timestamp":"2024-12-26T09:24:19.746Z"}
{"level":"info","message":"Incoming request: GET /api/auth/google","timestamp":"2024-12-26T09:25:19.303Z"}
{"level":"info","message":"Incoming request: GET /api/auth/google","timestamp":"2024-12-26T09:26:03.234Z"}
{"level":"info","message":"Incoming request: GET /api/auth/google/callback?code=4%2F0AanRRrszE_ej_nD33LoAIotYv-vzQI2wRDiYje_eDq9N_tZ4CnwFA7y4KmKezrQUJuW-TQ&scope=email+profile+openid+https%3A%2F%2Fwww.googleapis.com%2Fauth%2Fuserinfo.profile+https%3A%2F%2Fwww.googleapis.com%2Fauth%2Fuserinfo.email&authuser=0&prompt=consent","timestamp":"2024-12-26T09:26:20.268Z"}
{"level":"info","message":"Incoming request: GET /api/auth/google","timestamp":"2024-12-26T09:29:01.300Z"}
{"level":"info","message":"Incoming request: GET /api/auth/google/callback?code=4%2F0AanRRrvLjHAEqzQu3oJHhXdVgN61nniz2TYoG0arsw3BKgtI7HImpeGj-KEy0muBiaom9w&scope=email+profile+openid+https%3A%2F%2Fwww.googleapis.com%2Fauth%2Fuserinfo.profile+https%3A%2F%2Fwww.googleapis.com%2Fauth%2Fuserinfo.email&authuser=0&prompt=consent","timestamp":"2024-12-26T09:29:10.584Z"}
{"level":"info","message":"Incoming request: GET /api/auth/google","timestamp":"2024-12-26T09:32:10.964Z"}
{"level":"info","message":"Incoming request: GET /api/auth/google/callback?code=4%2F0AanRRrt8EfYwCKFF7GNXauLLRa-JFEjm9CeFgfAWyBU5rm3IbK6wwU7sglHAa-jSXUtdmw&scope=email+profile+https%3A%2F%2Fwww.googleapis.com%2Fauth%2Fuserinfo.email+https%3A%2F%2Fwww.googleapis.com%2Fauth%2Fuserinfo.profile+openid&authuser=0&prompt=none","timestamp":"2024-12-26T09:32:20.103Z"}
{"level":"info","message":"Incoming request: GET /api/auth/google","timestamp":"2024-12-26T09:33:21.093Z"}
{"level":"info","message":"Incoming request: GET /api/auth/google/callback?code=4%2F0AanRRrt106LRsDRGen4AUfkO1YPW_ls-xt0h0ebK4AOdsYGXdM8wpDnuSi6R3L3x21TzgQ&scope=email+profile+https%3A%2F%2Fwww.googleapis.com%2Fauth%2Fuserinfo.email+https%3A%2F%2Fwww.googleapis.com%2Fauth%2Fuserinfo.profile+openid&authuser=0&prompt=none","timestamp":"2024-12-26T09:33:25.346Z"}
{"level":"info","message":"Incoming request: GET /api/auth/google/callback?code=4%2F0AanRRrt106LRsDRGen4AUfkO1YPW_ls-xt0h0ebK4AOdsYGXdM8wpDnuSi6R3L3x21TzgQ&scope=email+profile+https%3A%2F%2Fwww.googleapis.com%2Fauth%2Fuserinfo.email+https%3A%2F%2Fwww.googleapis.com%2Fauth%2Fuserinfo.profile+openid&authuser=0&prompt=none","timestamp":"2024-12-26T09:36:33.823Z"}
{"level":"info","message":"Incoming request: GET /api/auth/google","timestamp":"2024-12-26T09:39:59.312Z"}
{"level":"info","message":"Incoming request: GET /api/auth/google/callback?code=4%2F0AanRRrte127ViKCXaF5h3Yxdb2BNc1cGR8mRPmoPmMsxK9l_PZ1YsLE_WkUNs44R3xh_pQ&scope=email+profile+https%3A%2F%2Fwww.googleapis.com%2Fauth%2Fuserinfo.email+https%3A%2F%2Fwww.googleapis.com%2Fauth%2Fuserinfo.profile+openid&authuser=0&prompt=none","timestamp":"2024-12-26T09:40:03.752Z"}
{"level":"info","message":"Incoming request: GET /auth/google","timestamp":"2024-12-26T09:50:09.196Z"}
{"level":"info","message":"Incoming request: GET /auth/google","timestamp":"2024-12-26T09:51:15.698Z"}
{"level":"info","message":"Incoming request: GET /api/auth/google","timestamp":"2024-12-26T09:52:08.122Z"}
{"level":"info","message":"Incoming request: GET /api/auth/google/callback?code=4%2F0AanRRruiHqFmUToK9kZy-LPXgT8C9aPCs_80Fl4NnPff1r9oJkb7Eh6E2D7ljSnQKeekpg&scope=email+profile+openid+https%3A%2F%2Fwww.googleapis.com%2Fauth%2Fuserinfo.email+https%3A%2F%2Fwww.googleapis.com%2Fauth%2Fuserinfo.profile&authuser=0&prompt=none","timestamp":"2024-12-26T09:52:31.173Z"}
{"level":"info","message":"Incoming request: GET /api/auth/google/callback","timestamp":"2024-12-26T09:54:11.373Z"}
{"level":"info","message":"Incoming request: GET /api/auth/google","timestamp":"2024-12-26T10:03:04.673Z"}
{"level":"info","message":"Incoming request: GET /api/auth/google","timestamp":"2024-12-26T10:03:06.535Z"}
{"level":"info","message":"Incoming request: GET /api/auth/google/callback?code=4%2F0AanRRrvLQn5QXwI5CPDv0oVLw1sXJ4m5HWZasV_kB9VRFCXBNkw7H2FCLFOl5roqBw7NWg&scope=email+profile+https%3A%2F%2Fwww.googleapis.com%2Fauth%2Fuserinfo.email+https%3A%2F%2Fwww.googleapis.com%2Fauth%2Fuserinfo.profile+openid&authuser=0&prompt=none","timestamp":"2024-12-26T10:03:25.929Z"}
{"level":"info","message":"Incoming request: GET /api/auth/google","timestamp":"2024-12-26T10:04:20.635Z"}
{"level":"info","message":"Incoming request: GET /api/auth/google/callback?code=4%2F0AanRRrtA_xPbC9lNp62Hf8UCT3zmcVvM0YcZe9gaTRKS0pJg8YfNLJHwSUXaqbyYESMeTw&scope=email+profile+https%3A%2F%2Fwww.googleapis.com%2Fauth%2Fuserinfo.email+https%3A%2F%2Fwww.googleapis.com%2Fauth%2Fuserinfo.profile+openid&authuser=0&prompt=none","timestamp":"2024-12-26T10:04:33.807Z"}
{"level":"info","message":"Incoming request: GET /api/auth/google","timestamp":"2024-12-26T10:06:28.447Z"}
{"level":"info","message":"Incoming request: GET /api/auth/google","timestamp":"2024-12-26T10:06:30.066Z"}
{"level":"info","message":"Incoming request: GET /api/auth/google/callback?code=4%2F0AanRRrsRoe1uusIcVrAqUXoL9lD5SC_MbFXXhtVvfDePanWkhq5bcCMDvcAbjfJwx6BYnA&scope=email+profile+openid+https%3A%2F%2Fwww.googleapis.com%2Fauth%2Fuserinfo.profile+https%3A%2F%2Fwww.googleapis.com%2Fauth%2Fuserinfo.email&authuser=0&prompt=none","timestamp":"2024-12-26T10:06:39.558Z"}
{"level":"info","message":"Incoming request: GET /api/auth/google","timestamp":"2024-12-26T10:17:13.503Z"}
{"level":"info","message":"Incoming request: GET /api/auth/google/callback?code=4%2F0AanRRrsHCYasWGKrUx6GgbsRRxjcZW33p5UWxvWoR8UHrppM7dbnI_nR6hw3CgiaCnrLxw&scope=email+profile+https%3A%2F%2Fwww.googleapis.com%2Fauth%2Fuserinfo.email+https%3A%2F%2Fwww.googleapis.com%2Fauth%2Fuserinfo.profile+openid&authuser=0&prompt=none","timestamp":"2024-12-26T10:17:25.912Z"}
{"level":"info","message":"Incoming request: GET /api/auth/google","timestamp":"2024-12-26T10:23:40.197Z"}
{"level":"info","message":"Incoming request: GET /api/auth/google","timestamp":"2024-12-26T10:23:47.379Z"}
{"level":"info","message":"Incoming request: GET /api/auth/google","timestamp":"2024-12-26T10:24:09.418Z"}
{"level":"info","message":"Incoming request: GET /api/auth/google","timestamp":"2024-12-26T10:24:14.303Z"}
{"level":"info","message":"Incoming request: GET /api/auth/google","timestamp":"2024-12-26T10:24:16.258Z"}
{"level":"info","message":"Incoming request: GET /api/auth/google","timestamp":"2024-12-26T10:24:16.919Z"}
{"level":"info","message":"Incoming request: GET /api/auth/google","timestamp":"2024-12-26T10:24:19.514Z"}
{"level":"info","message":"Incoming request: GET /api/auth/google","timestamp":"2024-12-26T10:24:22.146Z"}
{"level":"info","message":"Incoming request: GET /api/auth/google","timestamp":"2024-12-26T10:24:46.551Z"}
{"level":"info","message":"Incoming request: GET /api/auth/google","timestamp":"2024-12-26T10:24:47.224Z"}
{"level":"info","message":"Incoming request: GET /api/auth/google","timestamp":"2024-12-26T10:24:49.658Z"}
{"level":"info","message":"Incoming request: GET /api/auth/google","timestamp":"2024-12-26T10:24:51.367Z"}
{"level":"info","message":"Incoming request: GET /api/auth/google","timestamp":"2024-12-26T10:24:52.372Z"}
{"level":"info","message":"Incoming request: GET /api/auth/google","timestamp":"2024-12-26T10:24:53.455Z"}
{"level":"info","message":"Incoming request: GET /api/auth/google","timestamp":"2024-12-26T10:36:27.734Z"}
{"level":"info","message":"Incoming request: GET /api/auth/google/callback?code=4%2F0AanRRruZ0842r1k9ochqekehsdjgo3QBBtJz5M1I32FsWZorkZHfKa-Ck4ka0HjmiD2wUg&scope=email+profile+https%3A%2F%2Fwww.googleapis.com%2Fauth%2Fuserinfo.email+https%3A%2F%2Fwww.googleapis.com%2Fauth%2Fuserinfo.profile+openid&authuser=0&prompt=none","timestamp":"2024-12-26T10:36:37.431Z"}
{"level":"info","message":"Incoming request: GET /api/auth/google","timestamp":"2024-12-26T10:41:03.786Z"}
{"level":"info","message":"Incoming request: GET /api/auth/google/callback?code=4%2F0AanRRrt6kTQAEXWDAdpStHnydmH2eJo8D02ERrJQhAul1CJc2wkJYIWlJPrT06Qep-oo5g&scope=email+profile+openid+https%3A%2F%2Fwww.googleapis.com%2Fauth%2Fuserinfo.profile+https%3A%2F%2Fwww.googleapis.com%2Fauth%2Fuserinfo.email&authuser=0&prompt=none","timestamp":"2024-12-26T10:41:11.765Z"}
{"level":"info","message":"Incoming request: GET /api/auth/google","timestamp":"2024-12-26T10:50:26.981Z"}
{"level":"info","message":"Incoming request: GET /api/auth/google/callback?code=4%2F0AanRRrsGDuAoLH0IhR9agK_g72-PtTUoRd880Cp5ldZSA0JS2etMAkn6AUG7Dnq235rslg&scope=email+profile+https%3A%2F%2Fwww.googleapis.com%2Fauth%2Fuserinfo.email+https%3A%2F%2Fwww.googleapis.com%2Fauth%2Fuserinfo.profile+openid&authuser=0&prompt=none","timestamp":"2024-12-26T10:51:01.175Z"}
{"level":"info","message":"Incoming request: GET /api/auth/google","timestamp":"2024-12-26T10:56:45.657Z"}
{"level":"info","message":"Incoming request: GET /api/auth/google/callback?code=4%2F0AanRRrthjz-KvqugLe4XQxVFdD_d9uBdhkOZQB-QvKxlmAbawGUbh5_L_WGvhUM1_WbhIw&scope=email+profile+https%3A%2F%2Fwww.googleapis.com%2Fauth%2Fuserinfo.email+https%3A%2F%2Fwww.googleapis.com%2Fauth%2Fuserinfo.profile+openid&authuser=0&prompt=none","timestamp":"2024-12-26T10:56:56.191Z"}
{"level":"info","message":"Incoming request: GET /api/auth/google","timestamp":"2024-12-26T11:06:30.503Z"}
{"level":"info","message":"Incoming request: GET /api/auth/google/callback?code=4%2F0AanRRrtjcFTw-cKzZuuvH8yC_Q-u6LEpFtyF8wjjjeikIKm4bH_BC3JqioduJFAOsAZNRQ&scope=email+profile+openid+https%3A%2F%2Fwww.googleapis.com%2Fauth%2Fuserinfo.email+https%3A%2F%2Fwww.googleapis.com%2Fauth%2Fuserinfo.profile&authuser=0&prompt=none","timestamp":"2024-12-26T11:06:43.626Z"}
{"level":"info","message":"Incoming request: GET /api/auth/google","timestamp":"2024-12-26T11:07:05.454Z"}
{"level":"info","message":"Incoming request: GET /api/auth/google","timestamp":"2024-12-26T11:07:11.944Z"}
{"level":"info","message":"Incoming request: POST /api/url/","timestamp":"2024-12-26T11:07:41.535Z"}
{"level":"info","message":"Incoming request: POST /api/url/","timestamp":"2024-12-27T13:39:46.374Z"}
{"level":"info","message":"Incoming request: GET /url//","timestamp":"2024-12-27T13:40:20.349Z"}
{"level":"info","message":"Incoming request: POST /api/url/","timestamp":"2024-12-27T13:41:39.079Z"}
{"level":"info","message":"Incoming request: GET /api/","timestamp":"2024-12-27T13:41:56.064Z"}
{"level":"info","message":"Incoming request: POST /api/url/","timestamp":"2024-12-27T13:42:32.231Z"}
{"level":"info","message":"Incoming request: GET /api/url/bob12","timestamp":"2024-12-27T13:42:39.123Z"}
{"level":"info","message":"Incoming request: GET /api/url/analytics/bob12","timestamp":"2024-12-27T13:50:50.602Z"}
{"level":"info","message":"Incoming request: GET /api/auth/google","timestamp":"2024-12-27T14:09:23.722Z"}
{"level":"info","message":"Incoming request: GET /api/auth/google/callback","timestamp":"2024-12-27T14:10:17.977Z"}
{"level":"info","message":"Incoming request: GET /favicon.ico","timestamp":"2024-12-27T14:47:28.593Z"}
{"level":"info","message":"Incoming request: GET /api/api/auth/google","timestamp":"2024-12-27T14:50:47.631Z"}
{"level":"info","message":"Incoming request: GET /api/api/auth/google","timestamp":"2024-12-27T14:52:20.820Z"}
{"level":"info","message":"Incoming request: GET /api/api/auth/google","timestamp":"2024-12-27T14:53:24.678Z"}
{"level":"info","message":"Incoming request: GET /api/auth/google","timestamp":"2024-12-27T14:54:35.189Z"}
{"level":"info","message":"Incoming request: GET /api/api/auth/google","timestamp":"2024-12-27T14:55:02.676Z"}
{"level":"info","message":"Incoming request: GET /api/api/auth/google","timestamp":"2024-12-27T14:55:04.536Z"}
{"level":"info","message":"Incoming request: GET /api/api/auth/google","timestamp":"2024-12-27T15:13:59.597Z"}
{"level":"info","message":"Incoming request: GET /api/api/auth/google","timestamp":"2024-12-27T15:14:05.972Z"}
{"level":"info","message":"Incoming request: GET /api/auth/google","timestamp":"2024-12-27T15:16:59.213Z"}
{"level":"info","message":"Incoming request: GET /api/auth/google","timestamp":"2024-12-27T15:17:06.791Z"}
{"level":"info","message":"Incoming request: GET /api/auth/google","timestamp":"2024-12-27T15:24:49.794Z"}
{"level":"info","message":"Incoming request: GET /api/auth/google","timestamp":"2024-12-27T15:30:30.120Z"}
{"level":"info","message":"Incoming request: GET /api/auth/google","timestamp":"2024-12-27T15:30:57.360Z"}
{"level":"info","message":"Incoming request: GET /api/auth/google","timestamp":"2024-12-27T15:31:31.943Z"}
{"level":"info","message":"Incoming request: GET /api/auth/google","timestamp":"2024-12-27T15:35:46.116Z"}
{"level":"info","message":"Incoming request: GET /api/auth/google","timestamp":"2024-12-27T15:35:52.068Z"}
{"level":"info","message":"Incoming request: GET /api/auth/google","timestamp":"2024-12-27T15:43:07.249Z"}
{"level":"info","message":"Incoming request: POST /api/url","timestamp":"2024-12-28T06:10:44.920Z"}
{"level":"info","message":"Incoming request: GET /api/url/param","timestamp":"2024-12-28T06:11:45.894Z"}
{"level":"info","message":"Incoming request: GET /api/url/param","timestamp":"2024-12-28T06:12:29.423Z"}
{"level":"info","message":"Incoming request: GET /api/url/analytics/param","timestamp":"2024-12-28T06:13:19.786Z"}
{"level":"info","message":"Incoming request: GET /api/url/param","timestamp":"2024-12-28T06:16:35.258Z"}
{"level":"info","message":"Incoming request: GET /api/url/param","timestamp":"2024-12-28T06:22:26.938Z"}
{"level":"info","message":"Incoming request: GET /api/url/param","timestamp":"2024-12-28T06:22:40.320Z"}
{"level":"info","message":"Incoming request: GET /api/url/analytics/param","timestamp":"2024-12-28T06:22:52.040Z"}
{"level":"info","message":"Incoming request: GET /api/url/analytics/param","timestamp":"2024-12-28T06:22:54.547Z"}
{"level":"info","message":"Incoming request: GET /api/url/:param","timestamp":"2024-12-28T06:28:23.455Z"}
{"level":"info","message":"Incoming request: GET /api/url/analytics/:param","timestamp":"2024-12-28T06:28:45.030Z"}
{"level":"info","message":"Incoming request: GET /api/url/analytics/param","timestamp":"2024-12-28T06:30:32.498Z"}
{"level":"info","message":"Incoming request: GET /api/url/analytics/param","timestamp":"2024-12-28T06:30:34.167Z"}
{"level":"info","message":"Incoming request: GET /api/url/param","timestamp":"2024-12-28T06:30:52.961Z"}
{"level":"info","message":"Incoming request: GET /api/url/param","timestamp":"2024-12-28T06:34:36.649Z"}
{"level":"info","message":"Incoming request: GET /api/url/param","timestamp":"2024-12-28T06:35:01.015Z"}
{"level":"info","message":"Incoming request: GET /api/url/param","timestamp":"2024-12-28T06:36:10.656Z"}
{"level":"info","message":"Incoming request: POST /api/url/","timestamp":"2024-12-28T06:41:27.215Z"}
{"level":"info","message":"Incoming request: GET /api/url/111","timestamp":"2024-12-28T06:41:45.482Z"}
{"level":"info","message":"Incoming request: GET /api/url/analytics/111","timestamp":"2024-12-28T06:42:14.582Z"}
{"level":"info","message":"Incoming request: GET /api/auth/google","timestamp":"2024-12-28T06:42:59.173Z"}
{"level":"info","message":"Incoming request: GET /api/url/analytics/111","timestamp":"2024-12-28T06:44:36.288Z"}
{"level":"info","message":"Incoming request: GET /api/auth/google","timestamp":"2024-12-28T08:04:15.847Z"}
{"level":"info","message":"Incoming request: GET /api/auth/google","timestamp":"2024-12-28T08:06:51.489Z"}
{"level":"info","message":"Incoming request: GET /api/auth/google/callback?code=4%2F0AanRRrt8_BfpsYHVwqcDKSGEwClYQdfDouQ9wYztB7hwq78uPV8jj1guteweXPYqSY6g0w&scope=email+profile+openid+https%3A%2F%2Fwww.googleapis.com%2Fauth%2Fuserinfo.profile+https%3A%2F%2Fwww.googleapis.com%2Fauth%2Fuserinfo.email&authuser=0&prompt=none","timestamp":"2024-12-28T08:06:59.589Z"}
{"level":"info","message":"Incoming request: GET /api/auth/google","timestamp":"2024-12-28T08:14:13.567Z"}
{"level":"info","message":"Incoming request: GET /api/auth/google/callback?code=4%2F0AanRRrvIEc6ZzYY22K6S01_jEfxLUenW8MLxVzHDDqzKm2scmpfiw7KA81lHCzy3hPKbzA&scope=email+profile+https%3A%2F%2Fwww.googleapis.com%2Fauth%2Fuserinfo.email+https%3A%2F%2Fwww.googleapis.com%2Fauth%2Fuserinfo.profile+openid&authuser=0&prompt=none","timestamp":"2024-12-28T08:14:20.399Z"}
{"level":"info","message":"Incoming request: GET /api/auth/google","timestamp":"2024-12-28T08:16:32.094Z"}
{"level":"info","message":"Incoming request: GET /api/auth/google/callback?code=4%2F0AanRRrs7JusH8vZAD_mdwj_TmbpeqIJ1LwkAqkst0EC6byWFSq1NEBLebjXa4HLpjLvDiA&scope=email+profile+https%3A%2F%2Fwww.googleapis.com%2Fauth%2Fuserinfo.email+https%3A%2F%2Fwww.googleapis.com%2Fauth%2Fuserinfo.profile+openid&authuser=0&prompt=none","timestamp":"2024-12-28T08:16:37.620Z"}
{"level":"info","message":"Incoming request: GET /api/auth/google","timestamp":"2024-12-28T08:30:49.635Z"}
{"level":"info","message":"Incoming request: GET /api/auth/google","timestamp":"2024-12-28T08:31:18.219Z"}
{"level":"info","message":"Incoming request: GET /api/auth/google","timestamp":"2024-12-28T08:35:38.756Z"}
{"level":"info","message":"Incoming request: GET /api/auth/google/callback?code=4%2F0AanRRruqpkwPMrKXyDcxPNbKxttoO9iiLA3EAU7jg949usFo2KTiiCTQSIvaKHHbK2-r8Q&scope=email+profile+openid+https%3A%2F%2Fwww.googleapis.com%2Fauth%2Fuserinfo.email+https%3A%2F%2Fwww.googleapis.com%2Fauth%2Fuserinfo.profile&authuser=0&prompt=none","timestamp":"2024-12-28T08:35:48.865Z"}
{"level":"info","message":"Incoming request: GET /api/auth/google","timestamp":"2024-12-28T08:36:55.886Z"}
